Using pre-set license
Built from '2021.3/staging' branch; Version is '2021.3.16f1 (4016570cf34f) revision 4200023'; Using compiler version '192829333'; Build Type 'Release'
OS: 'Windows 11  (10.0.22621) 64bit Core' Language: 'zh' Physical Memory: 32453 MB
BatchMode: 1, IsHumanControllingUs: 0, StartBugReporterOnCrash: 0, Is64bit: 1, IsPro: 1

COMMAND LINE ARGUMENTS:
C:\Program Files\Unity\Hub\Editor\2021.3.16f1\Editor\Unity.exe
-adb2
-batchMode
-noUpm
-name
AssetImportWorker0
-projectPath
C:/Users/yangl/GameJam1
-logFile
Logs/AssetImportWorker0.log
-srvPort
57685
Successfully changed project path to: C:/Users/yangl/GameJam1
C:/Users/yangl/GameJam1
[UnityMemory] Configuration Parameters - Can be set up in boot.config
    "memorysetup-bucket-allocator-granularity=16"
    "memorysetup-bucket-allocator-bucket-count=8"
    "memorysetup-bucket-allocator-block-size=33554432"
    "memorysetup-bucket-allocator-block-count=8"
    "memorysetup-main-allocator-block-size=16777216"
    "memorysetup-thread-allocator-block-size=16777216"
    "memorysetup-gfx-main-allocator-block-size=16777216"
    "memorysetup-gfx-thread-allocator-block-size=16777216"
    "memorysetup-cache-allocator-block-size=4194304"
    "memorysetup-typetree-allocator-block-size=2097152"
    "memorysetup-profiler-bucket-allocator-granularity=16"
    "memorysetup-profiler-bucket-allocator-bucket-count=8"
    "memorysetup-profiler-bucket-allocator-block-size=33554432"
    "memorysetup-profiler-bucket-allocator-block-count=8"
    "memorysetup-profiler-allocator-block-size=16777216"
    "memorysetup-profiler-editor-allocator-block-size=1048576"
    "memorysetup-temp-allocator-size-main=16777216"
    "memorysetup-job-temp-allocator-block-size=2097152"
    "memorysetup-job-temp-allocator-block-size-background=1048576"
    "memorysetup-job-temp-allocator-reduction-small-platforms=262144"
    "memorysetup-temp-allocator-size-background-worker=32768"
    "memorysetup-temp-allocator-size-job-worker=262144"
    "memorysetup-temp-allocator-size-preload-manager=33554432"
    "memorysetup-temp-allocator-size-nav-mesh-worker=65536"
    "memorysetup-temp-allocator-size-audio-worker=65536"
    "memorysetup-temp-allocator-size-cloud-worker=32768"
    "memorysetup-temp-allocator-size-gi-baking-worker=262144"
    "memorysetup-temp-allocator-size-gfx=262144"
Player connection [13160] Host "[IP] 172.19.83.237 [Port] 0 [Flags] 2 [Guid] 935830784 [EditorId] 935830784 [Version] 1048832 [Id] WindowsEditor(7,hRylc) [Debug] 1 [PackageName] WindowsEditor [ProjectName] Editor" joined multi-casting on [225.0.0.222:54997]...

Player connection [13160] Host "[IP] 172.19.83.237 [Port] 0 [Flags] 2 [Guid] 935830784 [EditorId] 935830784 [Version] 1048832 [Id] WindowsEditor(7,hRylc) [Debug] 1 [PackageName] WindowsEditor [ProjectName] Editor" joined alternative multi-casting on [225.0.0.222:34997]...

Refreshing native plugins compatible for Editor in 47.79 ms, found 3 plugins.
Preloading 0 native plugins for Editor in 0.00 ms.
Initialize engine version: 2021.3.16f1 (4016570cf34f)
[Subsystems] Discovering subsystems at path C:/Program Files/Unity/Hub/Editor/2021.3.16f1/Editor/Data/Resources/UnitySubsystems
[Subsystems] Discovering subsystems at path C:/Users/yangl/GameJam1/Assets
GfxDevice: creating device client; threaded=0; jobified=0
Direct3D:
    Version:  Direct3D 11.0 [level 11.1]
    Renderer: NVIDIA GeForce RTX 3070 (ID=0x2488)
    Vendor:   NVIDIA
    VRAM:     8043 MB
    Driver:   31.0.15.1694
Initialize mono
Mono path[0] = 'C:/Program Files/Unity/Hub/Editor/2021.3.16f1/Editor/Data/Managed'
Mono path[1] = 'C:/Program Files/Unity/Hub/Editor/2021.3.16f1/Editor/Data/MonoBleedingEdge/lib/mono/unityjit-win32'
Mono config path = 'C:/Program Files/Unity/Hub/Editor/2021.3.16f1/Editor/Data/MonoBleedingEdge/etc'
Using monoOptions --debugger-agent=transport=dt_socket,embedding=1,server=y,suspend=n,address=127.0.0.1:56660
Begin MonoManager ReloadAssembly
Registering precompiled unity dll's ...
Register platform support module: C:/Program Files/Unity/Hub/Editor/2021.3.16f1/Editor/Data/PlaybackEngines/WebGLSupport/UnityEditor.WebGL.Extensions.dll
Register platform support module: C:/Program Files/Unity/Hub/Editor/2021.3.16f1/Editor/Data/PlaybackEngines/WindowsStandaloneSupport/UnityEditor.WindowsStandalone.Extensions.dll
Registered in 0.004449 seconds.
Native extension for WindowsStandalone target not found
Native extension for WebGL target not found
Refreshing native plugins compatible for Editor in 50.10 ms, found 3 plugins.
Preloading 0 native plugins for Editor in 0.00 ms.
Mono: successfully reloaded assembly
- Completed reload, in  0.445 seconds
Domain Reload Profiling:
	ReloadAssembly (446ms)
		BeginReloadAssembly (46ms)
			ExecutionOrderSort (0ms)
			DisableScriptedObjects (0ms)
			BackupInstance (0ms)
			ReleaseScriptingObjects (0ms)
			CreateAndSetChildDomain (0ms)
		EndReloadAssembly (312ms)
			LoadAssemblies (45ms)
			RebuildTransferFunctionScriptingTraits (0ms)
			SetupTypeCache (93ms)
			ReleaseScriptCaches (0ms)
			RebuildScriptCaches (19ms)
			SetupLoadedEditorAssemblies (168ms)
				LogAssemblyErrors (0ms)
				InitializePlatformSupportModulesInManaged (6ms)
				SetLoadedEditorAssemblies (0ms)
				RefreshPlugins (50ms)
				BeforeProcessingInitializeOnLoad (1ms)
				ProcessInitializeOnLoadAttributes (82ms)
				ProcessInitializeOnLoadMethodAttributes (29ms)
				AfterProcessingInitializeOnLoad (0ms)
				EditorAssembliesLoaded (0ms)
			ExecutionOrderSort2 (0ms)
			AwakeInstancesAfterBackupRestoration (0ms)
Platform modules already initialized, skipping
Registering precompiled user dll's ...
Registered in 0.029492 seconds.
Begin MonoManager ReloadAssembly
Symbol file LoadedFromMemory doesn't match image C:\Users\yangl\GameJam1\Library\PackageCache\com.unity.visualscripting@1.7.8\Editor\VisualScripting.Core\Dependencies\YamlDotNet\Unity.VisualScripting.YamlDotNet.dll
Symbol file LoadedFromMemory doesn't match image C:\Users\yangl\GameJam1\Library\PackageCache\com.unity.visualscripting@1.7.8\Editor\VisualScripting.Core\Dependencies\DotNetZip\Unity.VisualScripting.IonicZip.dll
Native extension for WindowsStandalone target not found
Native extension for WebGL target not found
Refreshing native plugins compatible for Editor in 0.33 ms, found 3 plugins.
Preloading 0 native plugins for Editor in 0.00 ms.
Mono: successfully reloaded assembly
- Completed reload, in  0.737 seconds
Domain Reload Profiling:
	ReloadAssembly (737ms)
		BeginReloadAssembly (72ms)
			ExecutionOrderSort (0ms)
			DisableScriptedObjects (4ms)
			BackupInstance (0ms)
			ReleaseScriptingObjects (0ms)
			CreateAndSetChildDomain (13ms)
		EndReloadAssembly (592ms)
			LoadAssemblies (72ms)
			RebuildTransferFunctionScriptingTraits (0ms)
			SetupTypeCache (209ms)
			ReleaseScriptCaches (0ms)
			RebuildScriptCaches (34ms)
			SetupLoadedEditorAssemblies (240ms)
				LogAssemblyErrors (0ms)
				InitializePlatformSupportModulesInManaged (4ms)
				SetLoadedEditorAssemblies (0ms)
				RefreshPlugins (0ms)
				BeforeProcessingInitializeOnLoad (53ms)
				ProcessInitializeOnLoadAttributes (160ms)
				ProcessInitializeOnLoadMethodAttributes (17ms)
				AfterProcessingInitializeOnLoad (5ms)
				EditorAssembliesLoaded (0ms)
			ExecutionOrderSort2 (0ms)
			AwakeInstancesAfterBackupRestoration (5ms)
Platform modules already initialized, skipping
========================================================================
Worker process is ready to serve import requests
Launched and connected shader compiler UnityShaderCompiler.exe after 0.05 seconds
Refreshing native plugins compatible for Editor in 0.45 ms, found 3 plugins.
Preloading 0 native plugins for Editor in 0.00 ms.
Unloading 3361 Unused Serialized files (Serialized files now loaded: 0)
Unloading 27 unused Assets / (113.7 KB). Loaded Objects now: 3818.
Memory consumption went from 115.7 MB to 115.6 MB.
Total: 2.162100 ms (FindLiveObjects: 0.154800 ms CreateObjectMapping: 0.078300 ms MarkObjects: 1.824900 ms  DeleteObjects: 0.103400 ms)

AssetImportParameters requested are different than current active one (requested -> active):
  custom:video-decoder-ogg-theora: a1e56fd34408186e4bbccfd4996cb3dc -> 
  custom:container-muxer-webm: aa71ff27fc2769a1b78a27578f13a17b -> 
  custom:container-demuxer-webm: 4f35f7cbe854078d1ac9338744f61a02 -> 
  custom:video-encoder-webm-vp8: eb34c28f22e8b96e1ab97ce403110664 -> 
  custom:video-codec-MediaFoundation-h265: 746d11721c4dcdbdad8f713fa42b33f4 -> 
  custom:audio-encoder-webm-vorbis: bf7c407c2cedff20999df2af8eb42d56 -> 
  custom:framework-win-MediaFoundation: 216162199b28c13a410421893ffa2e32 -> 
  custom:container-demuxer-ogg: 62fdf1f143b41e24485cea50d1cbac27 -> 
  custom:video-decoder-webm-vp8: 9c59270c3fd7afecdb556c50c9e8de78 -> 
  custom:audio-decoder-ogg-vorbis: bf7c407c2cedff20999df2af8eb42d56 -> 
========================================================================
Received Import Request.
  Time since last request: 143557.425695 seconds.
  path: Assets
  artifactKey: Guid(00000000000000001000000000000000) Importer(815301076,1909f56bfc062723c751e8b465ee728b)
Start importing Assets using Guid(00000000000000001000000000000000) Importer(815301076,1909f56bfc062723c751e8b465ee728b)  -> (artifact id: '79842766b460edbeab6a34051e857a80') in 0.005072 seconds 
========================================================================
Received Import Request.
  Time since last request: 4.394108 seconds.
  path: Assets/Materials
  artifactKey: Guid(35984da9060674048a7ec63647d8f9fd) Importer(815301076,1909f56bfc062723c751e8b465ee728b)
Start importing Assets/Materials using Guid(35984da9060674048a7ec63647d8f9fd) Importer(815301076,1909f56bfc062723c751e8b465ee728b)  -> (artifact id: '6e49506ad35fa76c83a055bf6c6e2448') in 0.001560 seconds 
========================================================================
Received Import Request.
  Time since last request: 10.550018 seconds.
  path: Assets/Materials/FloorMat.mat
  artifactKey: Guid(d729254bb35855c45b1f52385f8a1de2) Importer(815301076,1909f56bfc062723c751e8b465ee728b)
Start importing Assets/Materials/FloorMat.mat using Guid(d729254bb35855c45b1f52385f8a1de2) Importer(815301076,1909f56bfc062723c751e8b465ee728b)  -> (artifact id: '18b5c39625e020b25ee123803caa881d') in 0.189364 seconds 
========================================================================
Received Prepare
Registering precompiled user dll's ...
Registered in 0.003909 seconds.
Begin MonoManager ReloadAssembly
Symbol file LoadedFromMemory doesn't match image C:\Users\yangl\GameJam1\Library\PackageCache\com.unity.visualscripting@1.7.8\Editor\VisualScripting.Core\Dependencies\YamlDotNet\Unity.VisualScripting.YamlDotNet.dll
Symbol file LoadedFromMemory doesn't match image C:\Users\yangl\GameJam1\Library\PackageCache\com.unity.visualscripting@1.7.8\Editor\VisualScripting.Core\Dependencies\DotNetZip\Unity.VisualScripting.IonicZip.dll
Native extension for WindowsStandalone target not found
Native extension for WebGL target not found
Refreshing native plugins compatible for Editor in 0.38 ms, found 3 plugins.
Preloading 0 native plugins for Editor in 0.00 ms.
Mono: successfully reloaded assembly
- Completed reload, in  0.640 seconds
Domain Reload Profiling:
	ReloadAssembly (641ms)
		BeginReloadAssembly (87ms)
			ExecutionOrderSort (0ms)
			DisableScriptedObjects (2ms)
			BackupInstance (0ms)
			ReleaseScriptingObjects (0ms)
			CreateAndSetChildDomain (22ms)
		EndReloadAssembly (494ms)
			LoadAssemblies (55ms)
			RebuildTransferFunctionScriptingTraits (0ms)
			SetupTypeCache (169ms)
			ReleaseScriptCaches (1ms)
			RebuildScriptCaches (24ms)
			SetupLoadedEditorAssemblies (215ms)
				LogAssemblyErrors (0ms)
				InitializePlatformSupportModulesInManaged (10ms)
				SetLoadedEditorAssemblies (0ms)
				RefreshPlugins (0ms)
				BeforeProcessingInitializeOnLoad (41ms)
				ProcessInitializeOnLoadAttributes (142ms)
				ProcessInitializeOnLoadMethodAttributes (17ms)
				AfterProcessingInitializeOnLoad (4ms)
				EditorAssembliesLoaded (0ms)
			ExecutionOrderSort2 (0ms)
			AwakeInstancesAfterBackupRestoration (5ms)
Platform modules already initialized, skipping
Refreshing native plugins compatible for Editor in 1.14 ms, found 3 plugins.
Preloading 0 native plugins for Editor in 0.00 ms.
Unloading 3356 Unused Serialized files (Serialized files now loaded: 0)
Unloading 20 unused Assets / (80.2 KB). Loaded Objects now: 3862.
Memory consumption went from 120.2 MB to 120.1 MB.
Total: 1.858300 ms (FindLiveObjects: 0.143600 ms CreateObjectMapping: 0.064800 ms MarkObjects: 1.582600 ms  DeleteObjects: 0.066100 ms)

AssetImportParameters requested are different than current active one (requested -> active):
  custom:video-decoder-ogg-theora: a1e56fd34408186e4bbccfd4996cb3dc -> 
  custom:container-muxer-webm: aa71ff27fc2769a1b78a27578f13a17b -> 
  custom:container-demuxer-webm: 4f35f7cbe854078d1ac9338744f61a02 -> 
  custom:video-encoder-webm-vp8: eb34c28f22e8b96e1ab97ce403110664 -> 
  custom:video-codec-MediaFoundation-h265: 746d11721c4dcdbdad8f713fa42b33f4 -> 
  custom:audio-encoder-webm-vorbis: bf7c407c2cedff20999df2af8eb42d56 -> 
  custom:framework-win-MediaFoundation: 216162199b28c13a410421893ffa2e32 -> 
  custom:container-demuxer-ogg: 62fdf1f143b41e24485cea50d1cbac27 -> 
  custom:video-decoder-webm-vp8: 9c59270c3fd7afecdb556c50c9e8de78 -> 
  custom:audio-decoder-ogg-vorbis: bf7c407c2cedff20999df2af8eb42d56 -> 
========================================================================
Received Prepare
Registering precompiled user dll's ...
Registered in 0.004745 seconds.
Begin MonoManager ReloadAssembly
Symbol file LoadedFromMemory doesn't match image C:\Users\yangl\GameJam1\Library\PackageCache\com.unity.visualscripting@1.7.8\Editor\VisualScripting.Core\Dependencies\YamlDotNet\Unity.VisualScripting.YamlDotNet.dll
Symbol file LoadedFromMemory doesn't match image C:\Users\yangl\GameJam1\Library\PackageCache\com.unity.visualscripting@1.7.8\Editor\VisualScripting.Core\Dependencies\DotNetZip\Unity.VisualScripting.IonicZip.dll
Native extension for WindowsStandalone target not found
Native extension for WebGL target not found
Refreshing native plugins compatible for Editor in 0.40 ms, found 3 plugins.
Preloading 0 native plugins for Editor in 0.00 ms.
Mono: successfully reloaded assembly
- Completed reload, in  0.642 seconds
Domain Reload Profiling:
	ReloadAssembly (642ms)
		BeginReloadAssembly (88ms)
			ExecutionOrderSort (0ms)
			DisableScriptedObjects (3ms)
			BackupInstance (0ms)
			ReleaseScriptingObjects (0ms)
			CreateAndSetChildDomain (23ms)
		EndReloadAssembly (495ms)
			LoadAssemblies (54ms)
			RebuildTransferFunctionScriptingTraits (0ms)
			SetupTypeCache (166ms)
			ReleaseScriptCaches (1ms)
			RebuildScriptCaches (24ms)
			SetupLoadedEditorAssemblies (220ms)
				LogAssemblyErrors (0ms)
				InitializePlatformSupportModulesInManaged (11ms)
				SetLoadedEditorAssemblies (0ms)
				RefreshPlugins (0ms)
				BeforeProcessingInitializeOnLoad (42ms)
				ProcessInitializeOnLoadAttributes (144ms)
				ProcessInitializeOnLoadMethodAttributes (18ms)
				AfterProcessingInitializeOnLoad (5ms)
				EditorAssembliesLoaded (0ms)
			ExecutionOrderSort2 (0ms)
			AwakeInstancesAfterBackupRestoration (5ms)
Platform modules already initialized, skipping
Refreshing native plugins compatible for Editor in 1.60 ms, found 3 plugins.
Preloading 0 native plugins for Editor in 0.00 ms.
Unloading 3356 Unused Serialized files (Serialized files now loaded: 0)
Unloading 20 unused Assets / (80.2 KB). Loaded Objects now: 3865.
Memory consumption went from 120.2 MB to 120.1 MB.
Total: 1.924500 ms (FindLiveObjects: 0.143200 ms CreateObjectMapping: 0.063900 ms MarkObjects: 1.664500 ms  DeleteObjects: 0.052300 ms)

AssetImportParameters requested are different than current active one (requested -> active):
  custom:video-decoder-ogg-theora: a1e56fd34408186e4bbccfd4996cb3dc -> 
  custom:container-muxer-webm: aa71ff27fc2769a1b78a27578f13a17b -> 
  custom:container-demuxer-webm: 4f35f7cbe854078d1ac9338744f61a02 -> 
  custom:video-encoder-webm-vp8: eb34c28f22e8b96e1ab97ce403110664 -> 
  custom:video-codec-MediaFoundation-h265: 746d11721c4dcdbdad8f713fa42b33f4 -> 
  custom:audio-encoder-webm-vorbis: bf7c407c2cedff20999df2af8eb42d56 -> 
  custom:framework-win-MediaFoundation: 216162199b28c13a410421893ffa2e32 -> 
  custom:container-demuxer-ogg: 62fdf1f143b41e24485cea50d1cbac27 -> 
  custom:video-decoder-webm-vp8: 9c59270c3fd7afecdb556c50c9e8de78 -> 
  custom:audio-decoder-ogg-vorbis: bf7c407c2cedff20999df2af8eb42d56 -> 
========================================================================
Received Import Request.
  Time since last request: 178.891163 seconds.
  path: Assets/Materials/ObstacleMat.mat
  artifactKey: Guid(197968dca87a1bd41b75927eda4fe83d) Importer(815301076,1909f56bfc062723c751e8b465ee728b)
Start importing Assets/Materials/ObstacleMat.mat using Guid(197968dca87a1bd41b75927eda4fe83d) Importer(815301076,1909f56bfc062723c751e8b465ee728b)  -> (artifact id: 'ad0ea33605f5a80bf1dd5b4debfcf4e9') in 0.051598 seconds 
========================================================================
Received Import Request.
  Time since last request: 15.388367 seconds.
  path: Assets/Materials/ObstMat.mat
  artifactKey: Guid(197968dca87a1bd41b75927eda4fe83d) Importer(815301076,1909f56bfc062723c751e8b465ee728b)
Start importing Assets/Materials/ObstMat.mat using Guid(197968dca87a1bd41b75927eda4fe83d) Importer(815301076,1909f56bfc062723c751e8b465ee728b)  -> (artifact id: '8c9b9b890102c2fcb20fb141eb27de37') in 0.008701 seconds 
========================================================================
Received Import Request.
  Time since last request: 64.528527 seconds.
  path: Assets/Materials/Models
  artifactKey: Guid(73a23b18d9f5fcb4d8caa794b0575430) Importer(815301076,1909f56bfc062723c751e8b465ee728b)
Start importing Assets/Materials/Models using Guid(73a23b18d9f5fcb4d8caa794b0575430) Importer(815301076,1909f56bfc062723c751e8b465ee728b)  -> (artifact id: '34459141f26155d77d21f428e4b8213e') in 0.001844 seconds 
========================================================================
Received Import Request.
  Time since last request: 3.318363 seconds.
  path: Assets/Materials/Models/DAE format
  artifactKey: Guid(12aeadf1cc678684e83aba558a39f405) Importer(815301076,1909f56bfc062723c751e8b465ee728b)
Start importing Assets/Materials/Models/DAE format using Guid(12aeadf1cc678684e83aba558a39f405) Importer(815301076,1909f56bfc062723c751e8b465ee728b)  -> (artifact id: 'ee121efb1f52022ca990b1c46d56f968') in 0.001540 seconds 
========================================================================
Received Import Request.
  Time since last request: 0.045210 seconds.
  path: Assets/Materials/Models/DAE format/arrow.dae
  artifactKey: Guid(d4b5f1e93e8a82042abf67dadf7a37cd) Importer(815301076,1909f56bfc062723c751e8b465ee728b)
Start importing Assets/Materials/Models/DAE format/arrow.dae using Guid(d4b5f1e93e8a82042abf67dadf7a37cd) Importer(815301076,1909f56bfc062723c751e8b465ee728b)  -> (artifact id: 'f2933bf8ef26c4e7bda2b2a9c78b659a') in 0.045599 seconds 
========================================================================
Received Import Request.
  Time since last request: 0.000508 seconds.
  path: Assets/Materials/Models/DAE format/block.dae
  artifactKey: Guid(d9d6b4a0e1a1bca42ac0c1f0bd66b858) Importer(815301076,1909f56bfc062723c751e8b465ee728b)
Start importing Assets/Materials/Models/DAE format/block.dae using Guid(d9d6b4a0e1a1bca42ac0c1f0bd66b858) Importer(815301076,1909f56bfc062723c751e8b465ee728b)  -> (artifact id: 'e1733d304b4a76d34b99f4363be8bcfd') in 0.021832 seconds 
========================================================================
Received Import Request.
  Time since last request: 0.012548 seconds.
  path: Assets/Materials/Models/DAE format/blockCurve.dae
  artifactKey: Guid(0f83bdbbc9068994ca528cb9ff9777f9) Importer(815301076,1909f56bfc062723c751e8b465ee728b)
Start importing Assets/Materials/Models/DAE format/blockCurve.dae using Guid(0f83bdbbc9068994ca528cb9ff9777f9) Importer(815301076,1909f56bfc062723c751e8b465ee728b)  -> (artifact id: '9594e2a1bcf41f32d2a8fa19c609a2c0') in 0.022180 seconds 
========================================================================
Received Import Request.
  Time since last request: 0.017750 seconds.
  path: Assets/Materials/Models/DAE format/barrel.dae
  artifactKey: Guid(5071ef3104f316a4a9178c6e689b1ce6) Importer(815301076,1909f56bfc062723c751e8b465ee728b)
Start importing Assets/Materials/Models/DAE format/barrel.dae using Guid(5071ef3104f316a4a9178c6e689b1ce6) Importer(815301076,1909f56bfc062723c751e8b465ee728b)  -> (artifact id: 'acb0972f01202d94f85dc3abe414c36c') in 0.032135 seconds 
========================================================================
Received Import Request.
  Time since last request: 0.000034 seconds.
  path: Assets/Materials/Models/DAE format/fenceCorner.dae
  artifactKey: Guid(4ef781332f912ff4db99643f7441c516) Importer(815301076,1909f56bfc062723c751e8b465ee728b)
Start importing Assets/Materials/Models/DAE format/fenceCorner.dae using Guid(4ef781332f912ff4db99643f7441c516) Importer(815301076,1909f56bfc062723c751e8b465ee728b)  -> (artifact id: 'a4d1b235852f52675fac24874cc12582') in 0.018611 seconds 
========================================================================
Received Import Request.
  Time since last request: 0.000018 seconds.
  path: Assets/Materials/Models/DAE format/bomb.dae
  artifactKey: Guid(6e88b8d1d64a70f46b6b56626840d777) Importer(815301076,1909f56bfc062723c751e8b465ee728b)
Start importing Assets/Materials/Models/DAE format/bomb.dae using Guid(6e88b8d1d64a70f46b6b56626840d777) Importer(815301076,1909f56bfc062723c751e8b465ee728b)  -> (artifact id: '2fa4097b89221a3004bd5e28826aa21c') in 0.021111 seconds 
========================================================================
Received Import Request.
  Time since last request: 0.000027 seconds.
  path: Assets/Materials/Models/DAE format/blockSnow.dae
  artifactKey: Guid(2f3a9c3cb68311d459151f8a3d9b7fe2) Importer(815301076,1909f56bfc062723c751e8b465ee728b)
Start importing Assets/Materials/Models/DAE format/blockSnow.dae using Guid(2f3a9c3cb68311d459151f8a3d9b7fe2) Importer(815301076,1909f56bfc062723c751e8b465ee728b)  -> (artifact id: '9ac95e0fdc1ef85d3fde618b1ed97bef') in 0.023652 seconds 
========================================================================
Received Import Request.
  Time since last request: 0.000034 seconds.
  path: Assets/Materials/Models/DAE format/blockSnowCliff.dae
  artifactKey: Guid(20f507a5457c4e548b73c5fb6bbd7453) Importer(815301076,1909f56bfc062723c751e8b465ee728b)
Start importing Assets/Materials/Models/DAE format/blockSnowCliff.dae using Guid(20f507a5457c4e548b73c5fb6bbd7453) Importer(815301076,1909f56bfc062723c751e8b465ee728b)  -> (artifact id: 'bf6279b0b9c71dd77c3de0a503c9ae43') in 0.019896 seconds 
========================================================================
Received Import Request.
  Time since last request: 0.000031 seconds.
  path: Assets/Materials/Models/DAE format/blockDirtRamp.dae
  artifactKey: Guid(e0df2d0fca0ad1f49ab2772613078740) Importer(815301076,1909f56bfc062723c751e8b465ee728b)
Start importing Assets/Materials/Models/DAE format/blockDirtRamp.dae using Guid(e0df2d0fca0ad1f49ab2772613078740) Importer(815301076,1909f56bfc062723c751e8b465ee728b)  -> (artifact id: 'e59246c451dcb075425660d2fe674b0c') in 0.016358 seconds 
========================================================================
Received Import Request.
  Time since last request: 0.000038 seconds.
  path: Assets/Materials/Models/DAE format/blockSnowQuarter.dae
  artifactKey: Guid(d946629d704a17e47a7bc6f76f131974) Importer(815301076,1909f56bfc062723c751e8b465ee728b)
Start importing Assets/Materials/Models/DAE format/blockSnowQuarter.dae using Guid(d946629d704a17e47a7bc6f76f131974) Importer(815301076,1909f56bfc062723c751e8b465ee728b)  -> (artifact id: '08d6c546b603f8cf05673dd356159635') in 0.022706 seconds 
========================================================================
Received Import Request.
  Time since last request: 0.000030 seconds.
  path: Assets/Materials/Models/DAE format/blockLarge.dae
  artifactKey: Guid(f6b3cb746ec109141bfc453bec77ab98) Importer(815301076,1909f56bfc062723c751e8b465ee728b)
Start importing Assets/Materials/Models/DAE format/blockLarge.dae using Guid(f6b3cb746ec109141bfc453bec77ab98) Importer(815301076,1909f56bfc062723c751e8b465ee728b)  -> (artifact id: '863fcf5c2a15f2efad57d8a70abe1ccf') in 0.019032 seconds 
========================================================================
Received Import Request.
  Time since last request: 0.000017 seconds.
  path: Assets/Materials/Models/DAE format/blockCurveHalf.dae
  artifactKey: Guid(b618a73c89bfd0f46bdeff7cbb5850dc) Importer(815301076,1909f56bfc062723c751e8b465ee728b)
Start importing Assets/Materials/Models/DAE format/blockCurveHalf.dae using Guid(b618a73c89bfd0f46bdeff7cbb5850dc) Importer(815301076,1909f56bfc062723c751e8b465ee728b)  -> (artifact id: '256809a3a7bc7c32067b8352fc17c9c7') in 0.018486 seconds 
========================================================================
Received Import Request.
  Time since last request: 0.000017 seconds.
  path: Assets/Materials/Models/DAE format/blockCornerLarge.dae
  artifactKey: Guid(acb0bae863dc84f499e8297c1b01baef) Importer(815301076,1909f56bfc062723c751e8b465ee728b)
Start importing Assets/Materials/Models/DAE format/blockCornerLarge.dae using Guid(acb0bae863dc84f499e8297c1b01baef) Importer(815301076,1909f56bfc062723c751e8b465ee728b)  -> (artifact id: 'a41656e5616bbe0c3e7c841edb810334') in 0.016738 seconds 
========================================================================
Received Import Request.
  Time since last request: 0.000016 seconds.
  path: Assets/Materials/Models/DAE format/rocks.dae
  artifactKey: Guid(1208252b65a6ecb478bb422386380544) Importer(815301076,1909f56bfc062723c751e8b465ee728b)
Start importing Assets/Materials/Models/DAE format/rocks.dae using Guid(1208252b65a6ecb478bb422386380544) Importer(815301076,1909f56bfc062723c751e8b465ee728b)  -> (artifact id: '19d893ea7c1bb943b908001dc199d0de') in 0.020120 seconds 
========================================================================
Received Import Request.
  Time since last request: 0.000028 seconds.
  path: Assets/Materials/Models/DAE format/blockSnowSlopeHalf.dae
  artifactKey: Guid(ec121f12fcd4bf347b91a2af71808dca) Importer(815301076,1909f56bfc062723c751e8b465ee728b)
Start importing Assets/Materials/Models/DAE format/blockSnowSlopeHalf.dae using Guid(ec121f12fcd4bf347b91a2af71808dca) Importer(815301076,1909f56bfc062723c751e8b465ee728b)  -> (artifact id: 'bc994142db2e5f6b41e296743461cb0a') in 0.019568 seconds 
========================================================================
Received Import Request.
  Time since last request: 0.000029 seconds.
  path: Assets/Materials/Models/DAE format/chest.dae
  artifactKey: Guid(54e07dff3ede1be4cab62a131a2aff58) Importer(815301076,1909f56bfc062723c751e8b465ee728b)
Start importing Assets/Materials/Models/DAE format/chest.dae using Guid(54e07dff3ede1be4cab62a131a2aff58) Importer(815301076,1909f56bfc062723c751e8b465ee728b)  -> (artifact id: '2cd0b5c91aafab5e9cd887d3475b51f0') in 0.021988 seconds 
========================================================================
Received Import Request.
  Time since last request: 0.000018 seconds.
  path: Assets/Materials/Models/DAE format/tree.dae
  artifactKey: Guid(60cbc9ad0760dd342bd4cedc7c4690e2) Importer(815301076,1909f56bfc062723c751e8b465ee728b)
Start importing Assets/Materials/Models/DAE format/tree.dae using Guid(60cbc9ad0760dd342bd4cedc7c4690e2) Importer(815301076,1909f56bfc062723c751e8b465ee728b)  -> (artifact id: '046a5b894e9fa665bc9a61c09ab768eb') in 0.015426 seconds 
========================================================================
Received Import Request.
  Time since last request: 0.000019 seconds.
  path: Assets/Materials/Models/DAE format/blockSnowRounded.dae
  artifactKey: Guid(e1be1eeb8f5882647bad5f2d2877f8ea) Importer(815301076,1909f56bfc062723c751e8b465ee728b)
Start importing Assets/Materials/Models/DAE format/blockSnowRounded.dae using Guid(e1be1eeb8f5882647bad5f2d2877f8ea) Importer(815301076,1909f56bfc062723c751e8b465ee728b)  -> (artifact id: '0c76b7214f3af6c495eb15b77712796b') in 0.014922 seconds 
========================================================================
Received Import Request.
  Time since last request: 0.000019 seconds.
  path: Assets/Materials/Models/DAE format/fence.dae
  artifactKey: Guid(04b8e4e2de389294db513bcf7a9838c4) Importer(815301076,1909f56bfc062723c751e8b465ee728b)
Start importing Assets/Materials/Models/DAE format/fence.dae using Guid(04b8e4e2de389294db513bcf7a9838c4) Importer(815301076,1909f56bfc062723c751e8b465ee728b)  -> (artifact id: '12e60ff7fcd8c3840990e4ee99b95a93') in 0.016839 seconds 
========================================================================
Received Import Request.
  Time since last request: 0.000038 seconds.
  path: Assets/Materials/Models/DAE format/blockRoundedLarge.dae
  artifactKey: Guid(e896895d774ad5b4283f9b31bfaa5802) Importer(815301076,1909f56bfc062723c751e8b465ee728b)
Start importing Assets/Materials/Models/DAE format/blockRoundedLarge.dae using Guid(e896895d774ad5b4283f9b31bfaa5802) Importer(815301076,1909f56bfc062723c751e8b465ee728b)  -> (artifact id: 'e867a3e8096b110a12a81e01018f7714') in 0.016894 seconds 
========================================================================
Received Import Request.
  Time since last request: 0.000018 seconds.
  path: Assets/Materials/Models/DAE format/blockHalf.dae
  artifactKey: Guid(686aa53d52bfa1d448e54e1b8d491871) Importer(815301076,1909f56bfc062723c751e8b465ee728b)
Start importing Assets/Materials/Models/DAE format/blockHalf.dae using Guid(686aa53d52bfa1d448e54e1b8d491871) Importer(815301076,1909f56bfc062723c751e8b465ee728b)  -> (artifact id: 'aaab2e579b3a7003fff63aaa98ac182b') in 0.015765 seconds 
========================================================================
Received Import Request.
  Time since last request: 0.000027 seconds.
  path: Assets/Materials/Models/DAE format/treeSnow.dae
  artifactKey: Guid(625b0d724b7d23741b7ddcc71671ef52) Importer(815301076,1909f56bfc062723c751e8b465ee728b)
Start importing Assets/Materials/Models/DAE format/treeSnow.dae using Guid(625b0d724b7d23741b7ddcc71671ef52) Importer(815301076,1909f56bfc062723c751e8b465ee728b)  -> (artifact id: '169d223a2aab3d6fcba16460c79000da') in 0.014726 seconds 
========================================================================
Received Import Request.
  Time since last request: 0.000019 seconds.
  path: Assets/Materials/Models/DAE format/poles.dae
  artifactKey: Guid(6f9c36a5aad7b1c4b93a4ee9f7b6229c) Importer(815301076,1909f56bfc062723c751e8b465ee728b)
Start importing Assets/Materials/Models/DAE format/poles.dae using Guid(6f9c36a5aad7b1c4b93a4ee9f7b6229c) Importer(815301076,1909f56bfc062723c751e8b465ee728b)  -> (artifact id: '3d283e10b1b2f9646175cc71d4db7932') in 0.014658 seconds 
========================================================================
Received Import Request.
  Time since last request: 0.000019 seconds.
  path: Assets/Materials/Models/DAE format/doorClosed.dae
  artifactKey: Guid(9ae26ffeb2db423489df981a2e9f3578) Importer(815301076,1909f56bfc062723c751e8b465ee728b)
Start importing Assets/Materials/Models/DAE format/doorClosed.dae using Guid(9ae26ffeb2db423489df981a2e9f3578) Importer(815301076,1909f56bfc062723c751e8b465ee728b)  -> (artifact id: '9e7da2d074e7cee140b8f31e317752eb') in 0.024263 seconds 
========================================================================
Received Import Request.
  Time since last request: 0.000027 seconds.
  path: Assets/Materials/Models/DAE format/treePine.dae
  artifactKey: Guid(a1e47ba801b14064d91e5cc6995ad7c8) Importer(815301076,1909f56bfc062723c751e8b465ee728b)
Start importing Assets/Materials/Models/DAE format/treePine.dae using Guid(a1e47ba801b14064d91e5cc6995ad7c8) Importer(815301076,1909f56bfc062723c751e8b465ee728b)  -> (artifact id: 'd762a337565edb15700d7d877d8fbefa') in 0.020214 seconds 
========================================================================
Received Import Request.
  Time since last request: 0.000046 seconds.
  path: Assets/Materials/Models/DAE format/blockSnowRoundedLowLong.dae
  artifactKey: Guid(66e9896fedc093645a4705950a3f2707) Importer(815301076,1909f56bfc062723c751e8b465ee728b)
Start importing Assets/Materials/Models/DAE format/blockSnowRoundedLowLong.dae using Guid(66e9896fedc093645a4705950a3f2707) Importer(815301076,1909f56bfc062723c751e8b465ee728b)  -> (artifact id: '8af42d0161c3db7b95c5afc8caa64eff') in 0.017794 seconds 
========================================================================
Received Import Request.
  Time since last request: 0.000020 seconds.
  path: Assets/Materials/Models/DAE format/fenceCornerCurved.dae
  artifactKey: Guid(f0a851180a4c8d44d89457e91820f06b) Importer(815301076,1909f56bfc062723c751e8b465ee728b)
Start importing Assets/Materials/Models/DAE format/fenceCornerCurved.dae using Guid(f0a851180a4c8d44d89457e91820f06b) Importer(815301076,1909f56bfc062723c751e8b465ee728b)  -> (artifact id: 'd29647907e2c139c55c4662fec90ce9b') in 0.015016 seconds 
========================================================================
Received Import Request.
  Time since last request: 0.000017 seconds.
  path: Assets/Materials/Models/DAE format/spikesHidden.dae
  artifactKey: Guid(cfc37ea66068ab948b95c180301f42ec) Importer(815301076,1909f56bfc062723c751e8b465ee728b)
Start importing Assets/Materials/Models/DAE format/spikesHidden.dae using Guid(cfc37ea66068ab948b95c180301f42ec) Importer(815301076,1909f56bfc062723c751e8b465ee728b)  -> (artifact id: '3e8a218814a7dc1a526c920738281164') in 0.012413 seconds 
========================================================================
Received Import Request.
  Time since last request: 0.000021 seconds.
  path: Assets/Materials/Models/DAE format/bridge.dae
  artifactKey: Guid(d5eb883adb839da45bf439851aaf2c14) Importer(815301076,1909f56bfc062723c751e8b465ee728b)
Start importing Assets/Materials/Models/DAE format/bridge.dae using Guid(d5eb883adb839da45bf439851aaf2c14) Importer(815301076,1909f56bfc062723c751e8b465ee728b)  -> (artifact id: '2617587c4fa9e7983bc7b5dbd5dca50d') in 0.019068 seconds 
========================================================================
Received Import Request.
  Time since last request: 0.000048 seconds.
  path: Assets/Materials/Models/DAE format/blockRoundedLowLong.dae
  artifactKey: Guid(7992645e578039841aad4e702ae203cd) Importer(815301076,1909f56bfc062723c751e8b465ee728b)
Start importing Assets/Materials/Models/DAE format/blockRoundedLowLong.dae using Guid(7992645e578039841aad4e702ae203cd) Importer(815301076,1909f56bfc062723c751e8b465ee728b)  -> (artifact id: '995f98fbbd230cd354e9a3d029f2274b') in 0.012077 seconds 
========================================================================
Received Import Request.
  Time since last request: 0.000056 seconds.
  path: Assets/Materials/Models/DAE format/blockLevel.dae
  artifactKey: Guid(7467864dc5b18384bb4f7e52fed2e18a) Importer(815301076,1909f56bfc062723c751e8b465ee728b)
Start importing Assets/Materials/Models/DAE format/blockLevel.dae using Guid(7467864dc5b18384bb4f7e52fed2e18a) Importer(815301076,1909f56bfc062723c751e8b465ee728b)  -> (artifact id: '51957e13917edf396e1c87a2341f088d') in 0.017010 seconds 
========================================================================
Received Import Request.
  Time since last request: 0.000015 seconds.
  path: Assets/Materials/Models/DAE format/bridgeRamp.dae
  artifactKey: Guid(fc6227ac0ae113148a7fed058be0c4b9) Importer(815301076,1909f56bfc062723c751e8b465ee728b)
Start importing Assets/Materials/Models/DAE format/bridgeRamp.dae using Guid(fc6227ac0ae113148a7fed058be0c4b9) Importer(815301076,1909f56bfc062723c751e8b465ee728b)  -> (artifact id: 'dccae8e0e13c4f0b97946673b765a212') in 0.016072 seconds 
========================================================================
Received Import Request.
  Time since last request: 0.000027 seconds.
  path: Assets/Materials/Models/DAE format/coinGold.dae
  artifactKey: Guid(ba359cc92ad7246418df3f8ee11e3f2c) Importer(815301076,1909f56bfc062723c751e8b465ee728b)
Start importing Assets/Materials/Models/DAE format/coinGold.dae using Guid(ba359cc92ad7246418df3f8ee11e3f2c) Importer(815301076,1909f56bfc062723c751e8b465ee728b)  -> (artifact id: '129b55ac1e30854cb8d912f7cee3e461') in 0.016886 seconds 
========================================================================
Received Import Request.
  Time since last request: 0.000018 seconds.
  path: Assets/Materials/Models/DAE format/blockDirtRampHalf.dae
  artifactKey: Guid(0b32a1a97d47c3c40baf28bf7899f3ef) Importer(815301076,1909f56bfc062723c751e8b465ee728b)
Start importing Assets/Materials/Models/DAE format/blockDirtRampHalf.dae using Guid(0b32a1a97d47c3c40baf28bf7899f3ef) Importer(815301076,1909f56bfc062723c751e8b465ee728b)  -> (artifact id: 'c7ef6cb53308c597e5e2ac609ef29c1f') in 0.013928 seconds 
========================================================================
Received Import Request.
  Time since last request: 0.000021 seconds.
  path: Assets/Materials/Models/DAE format/sign.dae
  artifactKey: Guid(7a6ce73dc9a6c0244837513f757dc80b) Importer(815301076,1909f56bfc062723c751e8b465ee728b)
Start importing Assets/Materials/Models/DAE format/sign.dae using Guid(7a6ce73dc9a6c0244837513f757dc80b) Importer(815301076,1909f56bfc062723c751e8b465ee728b)  -> (artifact id: '8312ca355f5d6b6db432326d47c98791') in 0.018552 seconds 
========================================================================
Received Import Request.
  Time since last request: 0.000019 seconds.
  path: Assets/Materials/Models/DAE format/fenceLowCorner.dae
  artifactKey: Guid(267eb803fc0016c4ebf8fb05ee3cbbd6) Importer(815301076,1909f56bfc062723c751e8b465ee728b)
Start importing Assets/Materials/Models/DAE format/fenceLowCorner.dae using Guid(267eb803fc0016c4ebf8fb05ee3cbbd6) Importer(815301076,1909f56bfc062723c751e8b465ee728b)  -> (artifact id: 'f8921298328b4ed7311bf5e8895db1e5') in 0.016945 seconds 
========================================================================
Received Import Request.
  Time since last request: 0.000024 seconds.
  path: Assets/Materials/Models/DAE format/blockMoving.dae
  artifactKey: Guid(529dd41a45a0f1544a54c881f66157bc) Importer(815301076,1909f56bfc062723c751e8b465ee728b)
Start importing Assets/Materials/Models/DAE format/blockMoving.dae using Guid(529dd41a45a0f1544a54c881f66157bc) Importer(815301076,1909f56bfc062723c751e8b465ee728b)  -> (artifact id: '26ca9749374e636e553b8cb42ccaaf9f') in 0.018307 seconds 
========================================================================
Received Import Request.
  Time since last request: 0.000025 seconds.
  path: Assets/Materials/Models/DAE format/doorLargeClosed.dae
  artifactKey: Guid(ce56bbc0bae91ab49bcda2dbd6a5738b) Importer(815301076,1909f56bfc062723c751e8b465ee728b)
Start importing Assets/Materials/Models/DAE format/doorLargeClosed.dae using Guid(ce56bbc0bae91ab49bcda2dbd6a5738b) Importer(815301076,1909f56bfc062723c751e8b465ee728b)  -> (artifact id: '70a268b7405b1174119ee7e382ad0af4') in 0.018410 seconds 
========================================================================
Received Import Request.
  Time since last request: 0.000018 seconds.
  path: Assets/Materials/Models/DAE format/doorLargeOpen.dae
  artifactKey: Guid(00002996a8b26034a92dccba409393fc) Importer(815301076,1909f56bfc062723c751e8b465ee728b)
Start importing Assets/Materials/Models/DAE format/doorLargeOpen.dae using Guid(00002996a8b26034a92dccba409393fc) Importer(815301076,1909f56bfc062723c751e8b465ee728b)  -> (artifact id: 'b9fd9dba5033bad4bd35b1edbf1cbd38') in 0.013515 seconds 
========================================================================
Received Import Request.
  Time since last request: 0.000027 seconds.
  path: Assets/Materials/Models/DAE format/blockCliff.dae
  artifactKey: Guid(8f07c76ef449245468c09ffd4debd6ef) Importer(815301076,1909f56bfc062723c751e8b465ee728b)
Start importing Assets/Materials/Models/DAE format/blockCliff.dae using Guid(8f07c76ef449245468c09ffd4debd6ef) Importer(815301076,1909f56bfc062723c751e8b465ee728b)  -> (artifact id: 'a4357b8b815cc2b13388ba91dc0cb4c2') in 0.016790 seconds 
========================================================================
Received Import Request.
  Time since last request: 0.000017 seconds.
  path: Assets/Materials/Models/DAE format/blockSnowCurve.dae
  artifactKey: Guid(d7980e9a2c5d6bc4fac075a28f9005f4) Importer(815301076,1909f56bfc062723c751e8b465ee728b)
Start importing Assets/Materials/Models/DAE format/blockSnowCurve.dae using Guid(d7980e9a2c5d6bc4fac075a28f9005f4) Importer(815301076,1909f56bfc062723c751e8b465ee728b)  -> (artifact id: '996eb828651bddfab1d6fd1f5c3df522') in 0.016105 seconds 
========================================================================
Received Import Request.
  Time since last request: 0.000019 seconds.
  path: Assets/Materials/Models/DAE format/blockDirtHalf.dae
  artifactKey: Guid(e07a52408d2265144bbd5f2165742642) Importer(815301076,1909f56bfc062723c751e8b465ee728b)
Start importing Assets/Materials/Models/DAE format/blockDirtHalf.dae using Guid(e07a52408d2265144bbd5f2165742642) Importer(815301076,1909f56bfc062723c751e8b465ee728b)  -> (artifact id: 'ee22137441765263053cedc573b928eb') in 0.014964 seconds 
========================================================================
Received Import Request.
  Time since last request: 0.000033 seconds.
  path: Assets/Materials/Models/DAE format/crateItemStrong.dae
  artifactKey: Guid(6c75c14815f9a2e4f932792412c6175a) Importer(815301076,1909f56bfc062723c751e8b465ee728b)
Start importing Assets/Materials/Models/DAE format/crateItemStrong.dae using Guid(6c75c14815f9a2e4f932792412c6175a) Importer(815301076,1909f56bfc062723c751e8b465ee728b)  -> (artifact id: '3955b7cf3473d0c6554e4c195dbe6fc7') in 0.019109 seconds 
========================================================================
Received Import Request.
  Time since last request: 0.000018 seconds.
  path: Assets/Materials/Models/DAE format/lock.dae
  artifactKey: Guid(93f30bef226129e44bd57b6324e0e344) Importer(815301076,1909f56bfc062723c751e8b465ee728b)
Start importing Assets/Materials/Models/DAE format/lock.dae using Guid(93f30bef226129e44bd57b6324e0e344) Importer(815301076,1909f56bfc062723c751e8b465ee728b)  -> (artifact id: '2842d90b2a500a2e7dd47fd6636ea5f3') in 0.019171 seconds 
========================================================================
Received Import Request.
  Time since last request: 0.000020 seconds.
  path: Assets/Materials/Models/DAE format/blockSlopeHalf.dae
  artifactKey: Guid(26178508eda7c364f9c3002ad4471db9) Importer(815301076,1909f56bfc062723c751e8b465ee728b)
Start importing Assets/Materials/Models/DAE format/blockSlopeHalf.dae using Guid(26178508eda7c364f9c3002ad4471db9) Importer(815301076,1909f56bfc062723c751e8b465ee728b)  -> (artifact id: '4a8d178ea5990aa3a4ce775843247f62') in 0.018062 seconds 
========================================================================
Received Import Request.
  Time since last request: 0.000033 seconds.
  path: Assets/Materials/Models/DAE format/flowers.dae
  artifactKey: Guid(5594fa2b5343e0247bb2faf766d9edd3) Importer(815301076,1909f56bfc062723c751e8b465ee728b)
Start importing Assets/Materials/Models/DAE format/flowers.dae using Guid(5594fa2b5343e0247bb2faf766d9edd3) Importer(815301076,1909f56bfc062723c751e8b465ee728b)  -> (artifact id: '686fdce580ac3bcc067897364a3bd6c1') in 0.024874 seconds 
========================================================================
Received Import Request.
  Time since last request: 0.000026 seconds.
  path: Assets/Materials/Models/DAE format/heart.dae
  artifactKey: Guid(6acf842e20168b54f81479cd6bf1ddee) Importer(815301076,1909f56bfc062723c751e8b465ee728b)
Start importing Assets/Materials/Models/DAE format/heart.dae using Guid(6acf842e20168b54f81479cd6bf1ddee) Importer(815301076,1909f56bfc062723c751e8b465ee728b)  -> (artifact id: 'bd9860561009cf991c40a4ffebbaa8b7') in 0.015101 seconds 
========================================================================
Received Import Request.
  Time since last request: 0.000033 seconds.
  path: Assets/Materials/Models/DAE format/fenceBroken.dae
  artifactKey: Guid(96e7286f662ed3d4eb75e4359ad08d6b) Importer(815301076,1909f56bfc062723c751e8b465ee728b)
Start importing Assets/Materials/Models/DAE format/fenceBroken.dae using Guid(96e7286f662ed3d4eb75e4359ad08d6b) Importer(815301076,1909f56bfc062723c751e8b465ee728b)  -> (artifact id: '114a52c3329376498027fc4195f7adee') in 0.021691 seconds 
========================================================================
Received Import Request.
  Time since last request: 0.000018 seconds.
  path: Assets/Materials/Models/DAE format/blockHexagonLow.dae
  artifactKey: Guid(6833f2f2ecfa4ac4c9dc7815022bc706) Importer(815301076,1909f56bfc062723c751e8b465ee728b)
Start importing Assets/Materials/Models/DAE format/blockHexagonLow.dae using Guid(6833f2f2ecfa4ac4c9dc7815022bc706) Importer(815301076,1909f56bfc062723c751e8b465ee728b)  -> (artifact id: '1c2b762e976a1c11ed86019ba8da51fa') in 0.017223 seconds 
========================================================================
Received Import Request.
  Time since last request: 0.000035 seconds.
  path: Assets/Materials/Models/DAE format/mushrooms.dae
  artifactKey: Guid(74d3f035d1d4ed84abeefc6819ad8def) Importer(815301076,1909f56bfc062723c751e8b465ee728b)
Start importing Assets/Materials/Models/DAE format/mushrooms.dae using Guid(74d3f035d1d4ed84abeefc6819ad8def) Importer(815301076,1909f56bfc062723c751e8b465ee728b)  -> (artifact id: '34c045b622e8936bde5ec1b88150bedd') in 0.018648 seconds 
========================================================================
Received Import Request.
  Time since last request: 0.000025 seconds.
  path: Assets/Materials/Models/DAE format/blockHexagon.dae
  artifactKey: Guid(dfed96783530a044881730caf168120c) Importer(815301076,1909f56bfc062723c751e8b465ee728b)
Start importing Assets/Materials/Models/DAE format/blockHexagon.dae using Guid(dfed96783530a044881730caf168120c) Importer(815301076,1909f56bfc062723c751e8b465ee728b)  -> (artifact id: '4e750283eb46b7f7436bd84964d327fd') in 0.018176 seconds 
========================================================================
Received Import Request.
  Time since last request: 0.000028 seconds.
  path: Assets/Materials/Models/DAE format/coinSilver.dae
  artifactKey: Guid(df45b6f854247334d83371d5cd0ab608) Importer(815301076,1909f56bfc062723c751e8b465ee728b)
Start importing Assets/Materials/Models/DAE format/coinSilver.dae using Guid(df45b6f854247334d83371d5cd0ab608) Importer(815301076,1909f56bfc062723c751e8b465ee728b)  -> (artifact id: 'f0b70c6ca22377f855ff7a2ea1775a43') in 0.019406 seconds 
========================================================================
Received Import Request.
  Time since last request: 0.000035 seconds.
  path: Assets/Materials/Models/DAE format/blockRoundedLong.dae
  artifactKey: Guid(5df92ffb6fd0e2f42bc55c80a9c9bda8) Importer(815301076,1909f56bfc062723c751e8b465ee728b)
Start importing Assets/Materials/Models/DAE format/blockRoundedLong.dae using Guid(5df92ffb6fd0e2f42bc55c80a9c9bda8) Importer(815301076,1909f56bfc062723c751e8b465ee728b)  -> (artifact id: '773107546d540241163d66e6671aaef2') in 0.019157 seconds 
========================================================================
Received Import Request.
  Time since last request: 0.000040 seconds.
  path: Assets/Materials/Models/DAE format/blockSnowCornerSmall.dae
  artifactKey: Guid(cb7ee9370ba6b964b9f17a3dc85da48e) Importer(815301076,1909f56bfc062723c751e8b465ee728b)
Start importing Assets/Materials/Models/DAE format/blockSnowCornerSmall.dae using Guid(cb7ee9370ba6b964b9f17a3dc85da48e) Importer(815301076,1909f56bfc062723c751e8b465ee728b)  -> (artifact id: '5d27bd87f13af5a81ecde03bcf8ad09e') in 0.018298 seconds 
========================================================================
Received Import Request.
  Time since last request: 0.000033 seconds.
  path: Assets/Materials/Models/DAE format/buttonSquare.dae
  artifactKey: Guid(3b714ae41f83f6046bad885c6a34765d) Importer(815301076,1909f56bfc062723c751e8b465ee728b)
Start importing Assets/Materials/Models/DAE format/buttonSquare.dae using Guid(3b714ae41f83f6046bad885c6a34765d) Importer(815301076,1909f56bfc062723c751e8b465ee728b)  -> (artifact id: '570e5c2d1fe3f0bd585a2812f8ebd158') in 0.030826 seconds 
========================================================================
Received Import Request.
  Time since last request: 0.000033 seconds.
  path: Assets/Materials/Models/DAE format/blockCornerSmall.dae
  artifactKey: Guid(c5d86a2c9b3998141a9490bffa8060e1) Importer(815301076,1909f56bfc062723c751e8b465ee728b)
Start importing Assets/Materials/Models/DAE format/blockCornerSmall.dae using Guid(c5d86a2c9b3998141a9490bffa8060e1) Importer(815301076,1909f56bfc062723c751e8b465ee728b)  -> (artifact id: 'f412e853466ec051030e8f33d3a03f30') in 0.019857 seconds 
========================================================================
Received Import Request.
  Time since last request: 0.000027 seconds.
  path: Assets/Materials/Models/DAE format/treePineSnow.dae
  artifactKey: Guid(486f97019a0147e46a45fd9055471173) Importer(815301076,1909f56bfc062723c751e8b465ee728b)
Start importing Assets/Materials/Models/DAE format/treePineSnow.dae using Guid(486f97019a0147e46a45fd9055471173) Importer(815301076,1909f56bfc062723c751e8b465ee728b)  -> (artifact id: '755c57ff448469cdf7d59d398d92393a') in 0.018620 seconds 
========================================================================
Received Import Request.
  Time since last request: 0.000024 seconds.
  path: Assets/Materials/Models/DAE format/blockQuarter.dae
  artifactKey: Guid(664beee49abc5764ca07af2504d13c9c) Importer(815301076,1909f56bfc062723c751e8b465ee728b)
Start importing Assets/Materials/Models/DAE format/blockQuarter.dae using Guid(664beee49abc5764ca07af2504d13c9c) Importer(815301076,1909f56bfc062723c751e8b465ee728b)  -> (artifact id: 'b7c4cc0ae39609846ed396b35ea761e2') in 0.020524 seconds 
========================================================================
Received Import Request.
  Time since last request: 0.000029 seconds.
  path: Assets/Materials/Models/DAE format/spikeBlockWide.dae
  artifactKey: Guid(f5c92e6f9c9f3c948a0f039a89043056) Importer(815301076,1909f56bfc062723c751e8b465ee728b)
Start importing Assets/Materials/Models/DAE format/spikeBlockWide.dae using Guid(f5c92e6f9c9f3c948a0f039a89043056) Importer(815301076,1909f56bfc062723c751e8b465ee728b)  -> (artifact id: 'b36f9552fec02a94fb308424e57d9c29') in 0.019990 seconds 
========================================================================
Received Import Request.
  Time since last request: 0.000034 seconds.
  path: Assets/Materials/Models/DAE format/hedge.dae
  artifactKey: Guid(316ec5c5b3918f64b984ce0a79de301e) Importer(815301076,1909f56bfc062723c751e8b465ee728b)
Start importing Assets/Materials/Models/DAE format/hedge.dae using Guid(316ec5c5b3918f64b984ce0a79de301e) Importer(815301076,1909f56bfc062723c751e8b465ee728b)  -> (artifact id: '751075245663104f2dc8ecdc84007cf3') in 0.015485 seconds 
========================================================================
Received Import Request.
  Time since last request: 0.818447 seconds.
  path: Assets/Materials/Models/FBX format
  artifactKey: Guid(50ba1a3891c412f469c56bee2d10dc18) Importer(815301076,1909f56bfc062723c751e8b465ee728b)
Start importing Assets/Materials/Models/FBX format using Guid(50ba1a3891c412f469c56bee2d10dc18) Importer(815301076,1909f56bfc062723c751e8b465ee728b)  -> (artifact id: '9670d0bddfc0393f67055fbc3a81979b') in 0.002012 seconds 
========================================================================
Received Import Request.
  Time since last request: 0.039131 seconds.
  path: Assets/Materials/Models/FBX format/arrow.fbx
  artifactKey: Guid(d85ff47ecdfa93047b11275c0a22c7bb) Importer(815301076,1909f56bfc062723c751e8b465ee728b)
Start importing Assets/Materials/Models/FBX format/arrow.fbx using Guid(d85ff47ecdfa93047b11275c0a22c7bb) Importer(815301076,1909f56bfc062723c751e8b465ee728b)  -> (artifact id: 'd18e904765f183598c8634534baa0542') in 0.012991 seconds 
========================================================================
Received Import Request.
  Time since last request: 0.000020 seconds.
  path: Assets/Materials/Models/FBX format/hedgeCorner.fbx
  artifactKey: Guid(658cdc9818642874faeac5e0f0978d5f) Importer(815301076,1909f56bfc062723c751e8b465ee728b)
Start importing Assets/Materials/Models/FBX format/hedgeCorner.fbx using Guid(658cdc9818642874faeac5e0f0978d5f) Importer(815301076,1909f56bfc062723c751e8b465ee728b)  -> (artifact id: '119ab605a480df557b282a56d01007b0') in 0.011809 seconds 
========================================================================
Received Import Request.
  Time since last request: 0.000021 seconds.
  path: Assets/Materials/Models/FBX format/poles.fbx
  artifactKey: Guid(c36b9eb5f9cc423409bac0200103ea6b) Importer(815301076,1909f56bfc062723c751e8b465ee728b)
Start importing Assets/Materials/Models/FBX format/poles.fbx using Guid(c36b9eb5f9cc423409bac0200103ea6b) Importer(815301076,1909f56bfc062723c751e8b465ee728b)  -> (artifact id: 'e3a382a3f60079f9bfe8e20d5353b429') in 0.012443 seconds 
========================================================================
Received Import Request.
  Time since last request: 0.000022 seconds.
  path: Assets/Materials/Models/FBX format/blockHalf.fbx
  artifactKey: Guid(c3a11f6beee7b16499d9db00feed24c6) Importer(815301076,1909f56bfc062723c751e8b465ee728b)
Start importing Assets/Materials/Models/FBX format/blockHalf.fbx using Guid(c3a11f6beee7b16499d9db00feed24c6) Importer(815301076,1909f56bfc062723c751e8b465ee728b)  -> (artifact id: '4cdb698a9cb0d327c118ed01b79efa9f') in 0.011486 seconds 
========================================================================
Received Import Request.
  Time since last request: 0.000015 seconds.
  path: Assets/Materials/Models/FBX format/blockCornerSmall.fbx
  artifactKey: Guid(bc6321aba2d85f342ae02bca2eed5f3f) Importer(815301076,1909f56bfc062723c751e8b465ee728b)
Start importing Assets/Materials/Models/FBX format/blockCornerSmall.fbx using Guid(bc6321aba2d85f342ae02bca2eed5f3f) Importer(815301076,1909f56bfc062723c751e8b465ee728b)  -> (artifact id: '83b1502d32ccd6ec91cabe5f10d0f2fd') in 0.011738 seconds 
========================================================================
Received Import Request.
  Time since last request: 0.000034 seconds.
  path: Assets/Materials/Models/FBX format/blockSnowHexagonLow.fbx
  artifactKey: Guid(3050407200b1f814896dc73d8c0757a8) Importer(815301076,1909f56bfc062723c751e8b465ee728b)
Start importing Assets/Materials/Models/FBX format/blockSnowHexagonLow.fbx using Guid(3050407200b1f814896dc73d8c0757a8) Importer(815301076,1909f56bfc062723c751e8b465ee728b)  -> (artifact id: 'a2a878ea8ca11a78cd8826fbf16dad13') in 0.013119 seconds 
========================================================================
Received Import Request.
  Time since last request: 0.000017 seconds.
  path: Assets/Materials/Models/FBX format/blockDirtRampHalf.fbx
  artifactKey: Guid(84bd9cd9b1d4c614d978b33b518e6bb7) Importer(815301076,1909f56bfc062723c751e8b465ee728b)
Start importing Assets/Materials/Models/FBX format/blockDirtRampHalf.fbx using Guid(84bd9cd9b1d4c614d978b33b518e6bb7) Importer(815301076,1909f56bfc062723c751e8b465ee728b)  -> (artifact id: '1f123484e9712607b23dbc47f0efebae') in 0.009910 seconds 
========================================================================
Received Import Request.
  Time since last request: 0.000101 seconds.
  path: Assets/Materials/Models/FBX format/fenceLow.fbx
  artifactKey: Guid(5ae35b4a69871904a9d3dee53d0351da) Importer(815301076,1909f56bfc062723c751e8b465ee728b)
Start importing Assets/Materials/Models/FBX format/fenceLow.fbx using Guid(5ae35b4a69871904a9d3dee53d0351da) Importer(815301076,1909f56bfc062723c751e8b465ee728b)  -> (artifact id: '2bdec57b816c04c591a3aa282c5f01f6') in 0.014625 seconds 
========================================================================
Received Import Request.
  Time since last request: 0.000015 seconds.
  path: Assets/Materials/Models/FBX format/spikeBlockWide.fbx
  artifactKey: Guid(5fa34ae3e4d5d96469283f501481ae68) Importer(815301076,1909f56bfc062723c751e8b465ee728b)
Start importing Assets/Materials/Models/FBX format/spikeBlockWide.fbx using Guid(5fa34ae3e4d5d96469283f501481ae68) Importer(815301076,1909f56bfc062723c751e8b465ee728b)  -> (artifact id: '1b4576977309df2cb7656f830293b85e') in 0.012085 seconds 
========================================================================
Received Import Request.
  Time since last request: 0.000011 seconds.
  path: Assets/Materials/Models/FBX format/saw.fbx
  artifactKey: Guid(acdc56e5b7d94e74aa63d624e967cbbd) Importer(815301076,1909f56bfc062723c751e8b465ee728b)
Start importing Assets/Materials/Models/FBX format/saw.fbx using Guid(acdc56e5b7d94e74aa63d624e967cbbd) Importer(815301076,1909f56bfc062723c751e8b465ee728b)  -> (artifact id: '244cac1ef4328756a276e1fcafe0c0b4') in 0.010039 seconds 
========================================================================
Received Import Request.
  Time since last request: 0.000014 seconds.
  path: Assets/Materials/Models/FBX format/blockHexagonLow.fbx
  artifactKey: Guid(e807084409e5fbe4caceea4d0ef24991) Importer(815301076,1909f56bfc062723c751e8b465ee728b)
Start importing Assets/Materials/Models/FBX format/blockHexagonLow.fbx using Guid(e807084409e5fbe4caceea4d0ef24991) Importer(815301076,1909f56bfc062723c751e8b465ee728b)  -> (artifact id: 'da71c89587f4cbc32fd7a3b146f88eed') in 0.013634 seconds 
========================================================================
Received Import Request.
  Time since last request: 0.000015 seconds.
  path: Assets/Materials/Models/FBX format/fenceCorner.fbx
  artifactKey: Guid(6c114563d82c61340b914025301c70c6) Importer(815301076,1909f56bfc062723c751e8b465ee728b)
Start importing Assets/Materials/Models/FBX format/fenceCorner.fbx using Guid(6c114563d82c61340b914025301c70c6) Importer(815301076,1909f56bfc062723c751e8b465ee728b)  -> (artifact id: '799a3df6c54fe7c10d287e48abaf1baa') in 0.013513 seconds 
========================================================================
Received Import Request.
  Time since last request: 0.000033 seconds.
  path: Assets/Materials/Models/FBX format/jewel.fbx
  artifactKey: Guid(f9af69d7da0819d429fd4976b56d4eb6) Importer(815301076,1909f56bfc062723c751e8b465ee728b)
Start importing Assets/Materials/Models/FBX format/jewel.fbx using Guid(f9af69d7da0819d429fd4976b56d4eb6) Importer(815301076,1909f56bfc062723c751e8b465ee728b)  -> (artifact id: 'c7c4bdc6434dd3a54af6b21c298a397d') in 0.010841 seconds 
========================================================================
Received Import Request.
  Time since last request: 0.000030 seconds.
  path: Assets/Materials/Models/FBX format/blockSnowCliff.fbx
  artifactKey: Guid(d872845f9dee42e4fb316cd65c133151) Importer(815301076,1909f56bfc062723c751e8b465ee728b)
Start importing Assets/Materials/Models/FBX format/blockSnowCliff.fbx using Guid(d872845f9dee42e4fb316cd65c133151) Importer(815301076,1909f56bfc062723c751e8b465ee728b)  -> (artifact id: 'b21c808434be72bc8e37417cad879d52') in 0.012654 seconds 
========================================================================
Received Import Request.
  Time since last request: 0.000018 seconds.
  path: Assets/Materials/Models/FBX format/blockSnowRounded.fbx
  artifactKey: Guid(3cd1b0be3e423b44daef349e2492af2d) Importer(815301076,1909f56bfc062723c751e8b465ee728b)
Start importing Assets/Materials/Models/FBX format/blockSnowRounded.fbx using Guid(3cd1b0be3e423b44daef349e2492af2d) Importer(815301076,1909f56bfc062723c751e8b465ee728b)  -> (artifact id: 'e505e3d8bdced8bcd6be958e9ba929a5') in 0.016109 seconds 
========================================================================
Received Import Request.
  Time since last request: 0.000030 seconds.
  path: Assets/Materials/Models/FBX format/blockMovingLarge.fbx
  artifactKey: Guid(cda9ab07eb6981346881d7f4a963cbb6) Importer(815301076,1909f56bfc062723c751e8b465ee728b)
Start importing Assets/Materials/Models/FBX format/blockMovingLarge.fbx using Guid(cda9ab07eb6981346881d7f4a963cbb6) Importer(815301076,1909f56bfc062723c751e8b465ee728b)  -> (artifact id: 'b01de6220438d3ae28f6c0f29fa8d8ca') in 0.022894 seconds 
========================================================================
Received Import Request.
  Time since last request: 0.000037 seconds.
  path: Assets/Materials/Models/FBX format/blockDirtHalf.fbx
  artifactKey: Guid(b25579025eb407b4e98ba2c0ed01bce0) Importer(815301076,1909f56bfc062723c751e8b465ee728b)
Start importing Assets/Materials/Models/FBX format/blockDirtHalf.fbx using Guid(b25579025eb407b4e98ba2c0ed01bce0) Importer(815301076,1909f56bfc062723c751e8b465ee728b)  -> (artifact id: '04f40e706ca4066a199e07105032903c') in 0.019406 seconds 
========================================================================
Received Import Request.
  Time since last request: 0.000032 seconds.
  path: Assets/Materials/Models/FBX format/spikesHidden.fbx
  artifactKey: Guid(4fd99779890137441a5e2e3bd08f4bed) Importer(815301076,1909f56bfc062723c751e8b465ee728b)
Start importing Assets/Materials/Models/FBX format/spikesHidden.fbx using Guid(4fd99779890137441a5e2e3bd08f4bed) Importer(815301076,1909f56bfc062723c751e8b465ee728b)  -> (artifact id: 'b3ba24cecfd4402de3be5aec301f673e') in 0.015496 seconds 
========================================================================
Received Import Request.
  Time since last request: 0.000029 seconds.
  path: Assets/Materials/Models/FBX format/blockSnowCurveLow.fbx
  artifactKey: Guid(93e6a80c7f002fb47bf5f3716fdd2a75) Importer(815301076,1909f56bfc062723c751e8b465ee728b)
Start importing Assets/Materials/Models/FBX format/blockSnowCurveLow.fbx using Guid(93e6a80c7f002fb47bf5f3716fdd2a75) Importer(815301076,1909f56bfc062723c751e8b465ee728b)  -> (artifact id: '3716b5e4af570154492ac693632d7903') in 0.013972 seconds 
========================================================================
Received Import Request.
  Time since last request: 0.000018 seconds.
  path: Assets/Materials/Models/FBX format/fenceLowCorner.fbx
  artifactKey: Guid(4762165b2d193db4286cf62211c30ff6) Importer(815301076,1909f56bfc062723c751e8b465ee728b)
Start importing Assets/Materials/Models/FBX format/fenceLowCorner.fbx using Guid(4762165b2d193db4286cf62211c30ff6) Importer(815301076,1909f56bfc062723c751e8b465ee728b)  -> (artifact id: '0e0a25ebe72652c0ed37f6cf0d054caa') in 0.013685 seconds 
========================================================================
Received Import Request.
  Time since last request: 0.000021 seconds.
  path: Assets/Materials/Models/FBX format/spikes.fbx
  artifactKey: Guid(d0457dadac918394b9df7ae995d1ad84) Importer(815301076,1909f56bfc062723c751e8b465ee728b)
Start importing Assets/Materials/Models/FBX format/spikes.fbx using Guid(d0457dadac918394b9df7ae995d1ad84) Importer(815301076,1909f56bfc062723c751e8b465ee728b)  -> (artifact id: '31c6861ed92e285f41dbf0fee5326a50') in 0.011575 seconds 
========================================================================
Received Import Request.
  Time since last request: 0.000016 seconds.
  path: Assets/Materials/Models/FBX format/treeSnow.fbx
  artifactKey: Guid(5f7b7abd11a816743b8bf16998712223) Importer(815301076,1909f56bfc062723c751e8b465ee728b)
Start importing Assets/Materials/Models/FBX format/treeSnow.fbx using Guid(5f7b7abd11a816743b8bf16998712223) Importer(815301076,1909f56bfc062723c751e8b465ee728b)  -> (artifact id: 'b3f3a51848cda13cda4b134de56c6460') in 0.016687 seconds 
========================================================================
Received Import Request.
  Time since last request: 0.000019 seconds.
  path: Assets/Materials/Models/FBX format/blockLarge.fbx
  artifactKey: Guid(7bf9125c4ea7f8a438a4705fea5ecb8e) Importer(815301076,1909f56bfc062723c751e8b465ee728b)
Start importing Assets/Materials/Models/FBX format/blockLarge.fbx using Guid(7bf9125c4ea7f8a438a4705fea5ecb8e) Importer(815301076,1909f56bfc062723c751e8b465ee728b)  -> (artifact id: 'c6d6d7a10775ed3acee78087cb53bfa0') in 0.014379 seconds 
========================================================================
Received Import Request.
  Time since last request: 0.000022 seconds.
  path: Assets/Materials/Models/FBX format/lock.fbx
  artifactKey: Guid(8ba971ffb0fc7ca4aae7f73d6aa10a65) Importer(815301076,1909f56bfc062723c751e8b465ee728b)
Start importing Assets/Materials/Models/FBX format/lock.fbx using Guid(8ba971ffb0fc7ca4aae7f73d6aa10a65) Importer(815301076,1909f56bfc062723c751e8b465ee728b)  -> (artifact id: '4b582eadd19967db156f1540dd4a6d45') in 0.017452 seconds 
========================================================================
Received Import Request.
  Time since last request: 0.000020 seconds.
  path: Assets/Materials/Models/FBX format/blockSnowCliffCorner.fbx
  artifactKey: Guid(ef3efecee30ab0e47a1b3276764df922) Importer(815301076,1909f56bfc062723c751e8b465ee728b)
Start importing Assets/Materials/Models/FBX format/blockSnowCliffCorner.fbx using Guid(ef3efecee30ab0e47a1b3276764df922) Importer(815301076,1909f56bfc062723c751e8b465ee728b)  -> (artifact id: '3bf52075ea15a0decc7bd6b314455173') in 0.014893 seconds 
========================================================================
Received Import Request.
  Time since last request: 0.000024 seconds.
  path: Assets/Materials/Models/FBX format/block.fbx
  artifactKey: Guid(8492886176013c648a7ef3eafe762501) Importer(815301076,1909f56bfc062723c751e8b465ee728b)
Start importing Assets/Materials/Models/FBX format/block.fbx using Guid(8492886176013c648a7ef3eafe762501) Importer(815301076,1909f56bfc062723c751e8b465ee728b)  -> (artifact id: '7d255125b85eba7accf6675547d9a0fa') in 0.014534 seconds 
========================================================================
Received Import Request.
  Time since last request: 0.000034 seconds.
  path: Assets/Materials/Models/FBX format/doorLargeClosed.fbx
  artifactKey: Guid(5b461a6a2e4430f4ebb1fe3fe2cef15e) Importer(815301076,1909f56bfc062723c751e8b465ee728b)
Start importing Assets/Materials/Models/FBX format/doorLargeClosed.fbx using Guid(5b461a6a2e4430f4ebb1fe3fe2cef15e) Importer(815301076,1909f56bfc062723c751e8b465ee728b)  -> (artifact id: '3987208ca1c5bbaf67e5111d77f33f12') in 0.022597 seconds 
========================================================================
Received Import Request.
  Time since last request: 0.000022 seconds.
  path: Assets/Materials/Models/FBX format/blockSnowRoundedLowLong.fbx
  artifactKey: Guid(e6d22ef3cc1b1314ca833c05c710415c) Importer(815301076,1909f56bfc062723c751e8b465ee728b)
Start importing Assets/Materials/Models/FBX format/blockSnowRoundedLowLong.fbx using Guid(e6d22ef3cc1b1314ca833c05c710415c) Importer(815301076,1909f56bfc062723c751e8b465ee728b)  -> (artifact id: '3030e50cee24a794b8ca0f16c84c3966') in 0.015102 seconds 
========================================================================
Received Import Request.
  Time since last request: 0.000016 seconds.
  path: Assets/Materials/Models/FBX format/coinGold.fbx
  artifactKey: Guid(001dd08c71bb8f342b9136a1f2368245) Importer(815301076,1909f56bfc062723c751e8b465ee728b)
Start importing Assets/Materials/Models/FBX format/coinGold.fbx using Guid(001dd08c71bb8f342b9136a1f2368245) Importer(815301076,1909f56bfc062723c751e8b465ee728b)  -> (artifact id: '40cad2c34b784dde873d8942d967495e') in 0.015265 seconds 
========================================================================
Received Import Request.
  Time since last request: 0.000025 seconds.
  path: Assets/Materials/Models/FBX format/blockRoundedLong.fbx
  artifactKey: Guid(4073dc01d20be084f9c55534cdf5c701) Importer(815301076,1909f56bfc062723c751e8b465ee728b)
Start importing Assets/Materials/Models/FBX format/blockRoundedLong.fbx using Guid(4073dc01d20be084f9c55534cdf5c701) Importer(815301076,1909f56bfc062723c751e8b465ee728b)  -> (artifact id: 'fd7732b2d327aa8a4fdc686d63c7c18a') in 0.014900 seconds 
========================================================================
Received Import Request.
  Time since last request: 0.000018 seconds.
  path: Assets/Materials/Models/FBX format/fence.fbx
  artifactKey: Guid(dd15665d611c99d40ba6e307db2b62e1) Importer(815301076,1909f56bfc062723c751e8b465ee728b)
Start importing Assets/Materials/Models/FBX format/fence.fbx using Guid(dd15665d611c99d40ba6e307db2b62e1) Importer(815301076,1909f56bfc062723c751e8b465ee728b)  -> (artifact id: '8cde61d1e21486b91fbc4b67d37fd993') in 0.017040 seconds 
========================================================================
Received Import Request.
  Time since last request: 0.000020 seconds.
  path: Assets/Materials/Models/FBX format/blockSnowQuarter.fbx
  artifactKey: Guid(4d7f2326f8866e749870ed05c6267bfb) Importer(815301076,1909f56bfc062723c751e8b465ee728b)
Start importing Assets/Materials/Models/FBX format/blockSnowQuarter.fbx using Guid(4d7f2326f8866e749870ed05c6267bfb) Importer(815301076,1909f56bfc062723c751e8b465ee728b)  -> (artifact id: '951539de2df3e96decc57a23538d326f') in 0.013884 seconds 
========================================================================
Received Import Request.
  Time since last request: 0.000021 seconds.
  path: Assets/Materials/Models/FBX format/fenceBroken.fbx
  artifactKey: Guid(413b5d90ecf8e5a4988eae8a1c2f59f5) Importer(815301076,1909f56bfc062723c751e8b465ee728b)
Start importing Assets/Materials/Models/FBX format/fenceBroken.fbx using Guid(413b5d90ecf8e5a4988eae8a1c2f59f5) Importer(815301076,1909f56bfc062723c751e8b465ee728b)  -> (artifact id: 'f1401f88340d3320a098f128ca1ffc32') in 0.017787 seconds 
========================================================================
Received Import Request.
  Time since last request: 0.000028 seconds.
  path: Assets/Materials/Models/FBX format/blockRoundedLowLong.fbx
  artifactKey: Guid(9100f4484a2d4414aabaf6c96cadadac) Importer(815301076,1909f56bfc062723c751e8b465ee728b)
Start importing Assets/Materials/Models/FBX format/blockRoundedLowLong.fbx using Guid(9100f4484a2d4414aabaf6c96cadadac) Importer(815301076,1909f56bfc062723c751e8b465ee728b)  -> (artifact id: 'fd99ddbb9d96f4c9127f47f77de193c7') in 0.012596 seconds 
Editor requested this worker to shutdown with reason: Scaling down because of idle timeout
AssetImportWorker is now disconnected from the server
Process exiting
Exiting without the bug reporter. Application will terminate with return code 0